<?xml version="1.0" encoding="UTF-8"?>
<testng-results skipped="0" failed="0" total="1" passed="1">
  <reporter-output>
  </reporter-output>
  <suite name="Default suite" duration-ms="23927" started-at="2019-07-15T10:19:36Z" finished-at="2019-07-15T10:20:00Z">
    <groups>
    </groups>
    <test name="Default test" duration-ms="23927" started-at="2019-07-15T10:19:36Z" finished-at="2019-07-15T10:20:00Z">
      <class name="gasct.Browser">
        <test-method status="PASS" signature="home()[pri:0, instance:gasct.Browser@39f790]" name="home" duration-ms="23849" started-at="2019-07-15T15:49:36Z" finished-at="2019-07-15T15:50:00Z">
          <reporter-output>
          </reporter-output>
        </test-method> <!-- home -->
      </class> <!-- gasct.Browser -->
    </test> <!-- Default test -->
  </suite> <!-- Default suite -->
</testng-results>
